01:07:53 **** Rebuild of configuration Debug for project lab6 ****
Info: Internal Builder is used for build
g++ -O0 -g3 -Wall -c -fmessage-length=0 -o main.o "..\\main.cpp" 
In file included from ..\Set.h:97:0,
                 from ..\main.cpp:3:
..\Set.tpp: In member function 'int Set<T>::cardinality() const':
..\Set.tpp:48:1: warning: no return statement in function returning non-void [-Wreturn-type]
 }
 ^
..\Set.tpp: In member function 'int Set<T>::findElement(const T&) const':
..\Set.tpp:59:1: warning: no return statement in function returning non-void [-Wreturn-type]
 }
 ^
..\Set.tpp: In member function 'bool Set<T>::isExist(const T&) const':
..\Set.tpp:67:1: warning: no return statement in function returning non-void [-Wreturn-type]
 }
 ^
..\Set.tpp: In member function 'bool Set<T>::removeElement(const T&)':
..\Set.tpp:87:1: warning: no return statement in function returning non-void [-Wreturn-type]
 }
 ^
..\main.cpp: In function 'int main()':
..\main.cpp:23:18: error: no match for 'operator+' (operand types are 'Set<int>' and 'Set<int>')
   Set<int> C = A + B;
                  ^
..\main.cpp:23:18: note: candidates are:
In file included from c:\program files\eclipse-4.4\cpp\mingw\lib\gcc\mingw32\4.8.1\include\c++\bits\stl_algobase.h:67:0,
                 from c:\program files\eclipse-4.4\cpp\mingw\lib\gcc\mingw32\4.8.1\include\c++\bits\char_traits.h:39,
                 from c:\program files\eclipse-4.4\cpp\mingw\lib\gcc\mingw32\4.8.1\include\c++\ios:40,
                 from c:\program files\eclipse-4.4\cpp\mingw\lib\gcc\mingw32\4.8.1\include\c++\ostream:38,
                 from c:\program files\eclipse-4.4\cpp\mingw\lib\gcc\mingw32\4.8.1\include\c++\iostream:39,
                 from ..\main.cpp:1:
c:\program files\eclipse-4.4\cpp\mingw\lib\gcc\mingw32\4.8.1\include\c++\bits\stl_iterator.h:333:5: note: template<class _Iterator> std::reverse_iterator<_Iterator> std::operator+(typename std::reverse_iterator<_Iterator>::difference_type, const std::reverse_iterator<_Iterator>&)
     operator+(typename reverse_iterator<_Iterator>::difference_type __n,
     ^
c:\program files\eclipse-4.4\cpp\mingw\lib\gcc\mingw32\4.8.1\include\c++\bits\stl_iterator.h:333:5: note:   template argument deduction/substitution failed:
..\main.cpp:23:20: note:   'Set<int>' is not derived from 'const std::reverse_iterator<_Iterator>'
   Set<int> C = A + B;
                    ^
In file included from c:\program files\eclipse-4.4\cpp\mingw\lib\gcc\mingw32\4.8.1\include\c++\string:52:0,
                 from c:\program files\eclipse-4.4\cpp\mingw\lib\gcc\mingw32\4.8.1\include\c++\bits\locale_classes.h:40,
                 from c:\program files\eclipse-4.4\cpp\mingw\lib\gcc\mingw32\4.8.1\include\c++\bits\ios_base.h:41,
                 from c:\program files\eclipse-4.4\cpp\mingw\lib\gcc\mingw32\4.8.1\include\c++\ios:42,
                 from c:\program files\eclipse-4.4\cpp\mingw\lib\gcc\mingw32\4.8.1\include\c++\ostream:38,
                 from c:\program files\eclipse-4.4\cpp\mingw\lib\gcc\mingw32\4.8.1\include\c++\iostream:39,
                 from ..\main.cpp:1:
c:\program files\eclipse-4.4\cpp\mingw\lib\gcc\mingw32\4.8.1\include\c++\bits\basic_string.h:2365:5: note: template<class _CharT, class _Traits, class _Alloc> std::basic_string<_CharT, _Traits, _Alloc> std::operator+(const std::basic_string<_CharT, _Traits, _Alloc>&, const std::basic_string<_CharT, _Traits, _Alloc>&)
     operator+(const basic_string<_CharT, _Traits, _Alloc>& __lhs,
     ^
c:\program files\eclipse-4.4\cpp\mingw\lib\gcc\mingw32\4.8.1\include\c++\bits\basic_string.h:2365:5: note:   template argument deduction/substitution failed:
..\main.cpp:23:20: note:   'Set<int>' is not derived from 'const std::basic_string<_CharT, _Traits, _Alloc>'
   Set<int> C = A + B;
                    ^
In file included from c:\program files\eclipse-4.4\cpp\mingw\lib\gcc\mingw32\4.8.1\include\c++\string:53:0,
                 from c:\program files\eclipse-4.4\cpp\mingw\lib\gcc\mingw32\4.8.1\include\c++\bits\locale_classes.h:40,
                 from c:\program files\eclipse-4.4\cpp\mingw\lib\gcc\mingw32\4.8.1\include\c++\bits\ios_base.h:41,
                 from c:\program files\eclipse-4.4\cpp\mingw\lib\gcc\mingw32\4.8.1\include\c++\ios:42,
                 from c:\program files\eclipse-4.4\cpp\mingw\lib\gcc\mingw32\4.8.1\include\c++\ostream:38,
                 from c:\program files\eclipse-4.4\cpp\mingw\lib\gcc\mingw32\4.8.1\include\c++\iostream:39,
                 from ..\main.cpp:1:
c:\program files\eclipse-4.4\cpp\mingw\lib\gcc\mingw32\4.8.1\include\c++\bits\basic_string.tcc:692:5: note: template<class _CharT, class _Traits, class _Alloc> std::basic_string<_CharT, _Traits, _Alloc> std::operator+(const _CharT*, const std::basic_string<_CharT, _Traits, _Alloc>&)
     operator+(const _CharT* __lhs,
     ^
c:\program files\eclipse-4.4\cpp\mingw\lib\gcc\mingw32\4.8.1\include\c++\bits\basic_string.tcc:692:5: note:   template argument deduction/substitution failed:
..\main.cpp:23:20: note:   mismatched types 'const _CharT*' and 'Set<int>'
   Set<int> C = A + B;
                    ^
In file included from c:\program files\eclipse-4.4\cpp\mingw\lib\gcc\mingw32\4.8.1\include\c++\string:53:0,
                 from c:\program files\eclipse-4.4\cpp\mingw\lib\gcc\mingw32\4.8.1\include\c++\bits\locale_classes.h:40,
                 from c:\program files\eclipse-4.4\cpp\mingw\lib\gcc\mingw32\4.8.1\include\c++\bits\ios_base.h:41,
                 from c:\program files\eclipse-4.4\cpp\mingw\lib\gcc\mingw32\4.8.1\include\c++\ios:42,
                 from c:\program files\eclipse-4.4\cpp\mingw\lib\gcc\mingw32\4.8.1\include\c++\ostream:38,
                 from c:\program files\eclipse-4.4\cpp\mingw\lib\gcc\mingw32\4.8.1\include\c++\iostream:39,
                 from ..\main.cpp:1:
c:\program files\eclipse-4.4\cpp\mingw\lib\gcc\mingw32\4.8.1\include\c++\bits\basic_string.tcc:708:5: note: template<class _CharT, class _Traits, class _Alloc> std::basic_string<_CharT, _Traits, _Alloc> std::operator+(_CharT, const std::basic_string<_CharT, _Traits, _Alloc>&)
     operator+(_CharT __lhs, const basic_string<_CharT, _Traits, _Alloc>& __rhs)
     ^
c:\program files\eclipse-4.4\cpp\mingw\lib\gcc\mingw32\4.8.1\include\c++\bits\basic_string.tcc:708:5: note:   template argument deduction/substitution failed:
..\main.cpp:23:20: note:   'Set<int>' is not derived from 'const std::basic_string<_CharT, _Traits, _Alloc>'
   Set<int> C = A + B;
                    ^
In file included from c:\program files\eclipse-4.4\cpp\mingw\lib\gcc\mingw32\4.8.1\include\c++\string:52:0,
                 from c:\program files\eclipse-4.4\cpp\mingw\lib\gcc\mingw32\4.8.1\include\c++\bits\locale_classes.h:40,
                 from c:\program files\eclipse-4.4\cpp\mingw\lib\gcc\mingw32\4.8.1\include\c++\bits\ios_base.h:41,
                 from c:\program files\eclipse-4.4\cpp\mingw\lib\gcc\mingw32\4.8.1\include\c++\ios:42,
                 from c:\program files\eclipse-4.4\cpp\mingw\lib\gcc\mingw32\4.8.1\include\c++\ostream:38,
                 from c:\program files\eclipse-4.4\cpp\mingw\lib\gcc\mingw32\4.8.1\include\c++\iostream:39,
                 from ..\main.cpp:1:
c:\program files\eclipse-4.4\cpp\mingw\lib\gcc\mingw32\4.8.1\include\c++\bits\basic_string.h:2402:5: note: template<class _CharT, class _Traits, class _Alloc> std::basic_string<_CharT, _Traits, _Alloc> std::operator+(const std::basic_string<_CharT, _Traits, _Alloc>&, const _CharT*)
     operator+(const basic_string<_CharT, _Traits, _Alloc>& __lhs,
     ^
c:\program files\eclipse-4.4\cpp\mingw\lib\gcc\mingw32\4.8.1\include\c++\bits\basic_string.h:2402:5: note:   template argument deduction/substitution failed:
..\main.cpp:23:20: note:   'Set<int>' is not derived from 'const std::basic_string<_CharT, _Traits, _Alloc>'
   Set<int> C = A + B;
                    ^
In file included from c:\program files\eclipse-4.4\cpp\mingw\lib\gcc\mingw32\4.8.1\include\c++\string:52:0,
                 from c:\program files\eclipse-4.4\cpp\mingw\lib\gcc\mingw32\4.8.1\include\c++\bits\locale_classes.h:40,
                 from c:\program files\eclipse-4.4\cpp\mingw\lib\gcc\mingw32\4.8.1\include\c++\bits\ios_base.h:41,
                 from c:\program files\eclipse-4.4\cpp\mingw\lib\gcc\mingw32\4.8.1\include\c++\ios:42,
                 from c:\program files\eclipse-4.4\cpp\mingw\lib\gcc\mingw32\4.8.1\include\c++\ostream:38,
                 from c:\program files\eclipse-4.4\cpp\mingw\lib\gcc\mingw32\4.8.1\include\c++\iostream:39,
                 from ..\main.cpp:1:
c:\program files\eclipse-4.4\cpp\mingw\lib\gcc\mingw32\4.8.1\include\c++\bits\basic_string.h:2418:5: note: template<class _CharT, class _Traits, class _Alloc> std::basic_string<_CharT, _Traits, _Alloc> std::operator+(const std::basic_string<_CharT, _Traits, _Alloc>&, _CharT)
     operator+(const basic_string<_CharT, _Traits, _Alloc>& __lhs, _CharT __rhs)
     ^
c:\program files\eclipse-4.4\cpp\mingw\lib\gcc\mingw32\4.8.1\include\c++\bits\basic_string.h:2418:5: note:   template argument deduction/substitution failed:
..\main.cpp:23:20: note:   'Set<int>' is not derived from 'const std::basic_string<_CharT, _Traits, _Alloc>'
   Set<int> C = A + B;
                    ^
..\main.cpp:29:18: error: no match for 'operator^' (operand types are 'Set<int>' and 'Set<int>')
   Set<int> D = A ^ B;
                  ^
..\main.cpp:29:18: note: candidates are:
In file included from c:\program files\eclipse-4.4\cpp\mingw\lib\gcc\mingw32\4.8.1\include\c++\ios:42:0,
                 from c:\program files\eclipse-4.4\cpp\mingw\lib\gcc\mingw32\4.8.1\include\c++\ostream:38,
                 from c:\program files\eclipse-4.4\cpp\mingw\lib\gcc\mingw32\4.8.1\include\c++\iostream:39,
                 from ..\main.cpp:1:
c:\program files\eclipse-4.4\cpp\mingw\lib\gcc\mingw32\4.8.1\include\c++\bits\ios_base.h:83:3: note: std::_Ios_Fmtflags std::operator^(std::_Ios_Fmtflags, std::_Ios_Fmtflags)
   operator^(_Ios_Fmtflags __a, _Ios_Fmtflags __b)
   ^
c:\program files\eclipse-4.4\cpp\mingw\lib\gcc\mingw32\4.8.1\include\c++\bits\ios_base.h:83:3: note:   no known conversion for argument 1 from 'Set<int>' to 'std::_Ios_Fmtflags'
c:\program files\eclipse-4.4\cpp\mingw\lib\gcc\mingw32\4.8.1\include\c++\bits\ios_base.h:123:3: note: std::_Ios_Openmode std::operator^(std::_Ios_Openmode, std::_Ios_Openmode)
   operator^(_Ios_Openmode __a, _Ios_Openmode __b)
   ^
c:\program files\eclipse-4.4\cpp\mingw\lib\gcc\mingw32\4.8.1\include\c++\bits\ios_base.h:123:3: note:   no known conversion for argument 1 from 'Set<int>' to 'std::_Ios_Openmode'
c:\program files\eclipse-4.4\cpp\mingw\lib\gcc\mingw32\4.8.1\include\c++\bits\ios_base.h:161:3: note: std::_Ios_Iostate std::operator^(std::_Ios_Iostate, std::_Ios_Iostate)
   operator^(_Ios_Iostate __a, _Ios_Iostate __b)
   ^
c:\program files\eclipse-4.4\cpp\mingw\lib\gcc\mingw32\4.8.1\include\c++\bits\ios_base.h:161:3: note:   no known conversion for argument 1 from 'Set<int>' to 'std::_Ios_Iostate'
..\main.cpp:35:18: error: no match for 'operator-' (operand types are 'Set<int>' and 'Set<int>')
   Set<int> E = A - B;
                  ^
..\main.cpp:35:18: note: candidates are:
In file included from c:\program files\eclipse-4.4\cpp\mingw\lib\gcc\mingw32\4.8.1\include\c++\bits\stl_algobase.h:67:0,
                 from c:\program files\eclipse-4.4\cpp\mingw\lib\gcc\mingw32\4.8.1\include\c++\bits\char_traits.h:39,
                 from c:\program files\eclipse-4.4\cpp\mingw\lib\gcc\mingw32\4.8.1\include\c++\ios:40,
                 from c:\program files\eclipse-4.4\cpp\mingw\lib\gcc\mingw32\4.8.1\include\c++\ostream:38,
                 from c:\program files\eclipse-4.4\cpp\mingw\lib\gcc\mingw32\4.8.1\include\c++\iostream:39,
                 from ..\main.cpp:1:
c:\program files\eclipse-4.4\cpp\mingw\lib\gcc\mingw32\4.8.1\include\c++\bits\stl_iterator.h:327:5: note: template<class _Iterator> typename std::reverse_iterator<_Iterator>::difference_type std::operator-(const std::reverse_iterator<_Iterator>&, const std::reverse_iterator<_Iterator>&)
     operator-(const reverse_iterator<_Iterator>& __x,
     ^
c:\program files\eclipse-4.4\cpp\mingw\lib\gcc\mingw32\4.8.1\include\c++\bits\stl_iterator.h:327:5: note:   template argument deduction/substitution failed:
..\main.cpp:35:20: note:   'Set<int>' is not derived from 'const std::reverse_iterator<_Iterator>'
   Set<int> E = A - B;
                    ^
In file included from c:\program files\eclipse-4.4\cpp\mingw\lib\gcc\mingw32\4.8.1\include\c++\bits\stl_algobase.h:67:0,
                 from c:\program files\eclipse-4.4\cpp\mingw\lib\gcc\mingw32\4.8.1\include\c++\bits\char_traits.h:39,
                 from c:\program files\eclipse-4.4\cpp\mingw\lib\gcc\mingw32\4.8.1\include\c++\ios:40,
                 from c:\program files\eclipse-4.4\cpp\mingw\lib\gcc\mingw32\4.8.1\include\c++\ostream:38,
                 from c:\program files\eclipse-4.4\cpp\mingw\lib\gcc\mingw32\4.8.1\include\c++\iostream:39,
                 from ..\main.cpp:1:
c:\program files\eclipse-4.4\cpp\mingw\lib\gcc\mingw32\4.8.1\include\c++\bits\stl_iterator.h:384:5: note: template<class _IteratorL, class _IteratorR> typename std::reverse_iterator<_Iterator>::difference_type std::operator-(const std::reverse_iterator<_Iterator>&, const std::reverse_iterator<_IteratorR>&)
     operator-(const reverse_iterator<_IteratorL>& __x,
     ^
c:\program files\eclipse-4.4\cpp\mingw\lib\gcc\mingw32\4.8.1\include\c++\bits\stl_iterator.h:384:5: note:   template argument deduction/substitution failed:
..\main.cpp:35:20: note:   'Set<int>' is not derived from 'const std::reverse_iterator<_Iterator>'
   Set<int> E = A - B;
                    ^
..\main.cpp:59:23: error: no match for 'operator+' (operand types are 'Set<std::basic_string<char> >' and 'Set<std::basic_string<char> >')
   Set<string> S3 = S1 + S2;
                       ^
..\main.cpp:59:23: note: candidates are:
In file included from c:\program files\eclipse-4.4\cpp\mingw\lib\gcc\mingw32\4.8.1\include\c++\bits\stl_algobase.h:67:0,
                 from c:\program files\eclipse-4.4\cpp\mingw\lib\gcc\mingw32\4.8.1\include\c++\bits\char_traits.h:39,
                 from c:\program files\eclipse-4.4\cpp\mingw\lib\gcc\mingw32\4.8.1\include\c++\ios:40,
                 from c:\program files\eclipse-4.4\cpp\mingw\lib\gcc\mingw32\4.8.1\include\c++\ostream:38,
                 from c:\program files\eclipse-4.4\cpp\mingw\lib\gcc\mingw32\4.8.1\include\c++\iostream:39,
                 from ..\main.cpp:1:
c:\program files\eclipse-4.4\cpp\mingw\lib\gcc\mingw32\4.8.1\include\c++\bits\stl_iterator.h:333:5: note: template<class _Iterator> std::reverse_iterator<_Iterator> std::operator+(typename std::reverse_iterator<_Iterator>::difference_type, const std::reverse_iterator<_Iterator>&)
     operator+(typename reverse_iterator<_Iterator>::difference_type __n,
     ^
c:\program files\eclipse-4.4\cpp\mingw\lib\gcc\mingw32\4.8.1\include\c++\bits\stl_iterator.h:333:5: note:   template argument deduction/substitution failed:
..\main.cpp:59:25: note:   'Set<std::basic_string<char> >' is not derived from 'const std::reverse_iterator<_Iterator>'
   Set<string> S3 = S1 + S2;
                         ^
In file included from c:\program files\eclipse-4.4\cpp\mingw\lib\gcc\mingw32\4.8.1\include\c++\string:52:0,
                 from c:\program files\eclipse-4.4\cpp\mingw\lib\gcc\mingw32\4.8.1\include\c++\bits\locale_classes.h:40,
                 from c:\program files\eclipse-4.4\cpp\mingw\lib\gcc\mingw32\4.8.1\include\c++\bits\ios_base.h:41,
                 from c:\program files\eclipse-4.4\cpp\mingw\lib\gcc\mingw32\4.8.1\include\c++\ios:42,
                 from c:\program files\eclipse-4.4\cpp\mingw\lib\gcc\mingw32\4.8.1\include\c++\ostream:38,
                 from c:\program files\eclipse-4.4\cpp\mingw\lib\gcc\mingw32\4.8.1\include\c++\iostream:39,
                 from ..\main.cpp:1:
c:\program files\eclipse-4.4\cpp\mingw\lib\gcc\mingw32\4.8.1\include\c++\bits\basic_string.h:2365:5: note: template<class _CharT, class _Traits, class _Alloc> std::basic_string<_CharT, _Traits, _Alloc> std::operator+(const std::basic_string<_CharT, _Traits, _Alloc>&, const std::basic_string<_CharT, _Traits, _Alloc>&)
     operator+(const basic_string<_CharT, _Traits, _Alloc>& __lhs,
     ^
c:\program files\eclipse-4.4\cpp\mingw\lib\gcc\mingw32\4.8.1\include\c++\bits\basic_string.h:2365:5: note:   template argument deduction/substitution failed:
..\main.cpp:59:25: note:   'Set<std::basic_string<char> >' is not derived from 'const std::basic_string<_CharT, _Traits, _Alloc>'
   Set<string> S3 = S1 + S2;
                         ^
In file included from c:\program files\eclipse-4.4\cpp\mingw\lib\gcc\mingw32\4.8.1\include\c++\string:53:0,
                 from c:\program files\eclipse-4.4\cpp\mingw\lib\gcc\mingw32\4.8.1\include\c++\bits\locale_classes.h:40,
                 from c:\program files\eclipse-4.4\cpp\mingw\lib\gcc\mingw32\4.8.1\include\c++\bits\ios_base.h:41,
                 from c:\program files\eclipse-4.4\cpp\mingw\lib\gcc\mingw32\4.8.1\include\c++\ios:42,
                 from c:\program files\eclipse-4.4\cpp\mingw\lib\gcc\mingw32\4.8.1\include\c++\ostream:38,
                 from c:\program files\eclipse-4.4\cpp\mingw\lib\gcc\mingw32\4.8.1\include\c++\iostream:39,
                 from ..\main.cpp:1:
c:\program files\eclipse-4.4\cpp\mingw\lib\gcc\mingw32\4.8.1\include\c++\bits\basic_string.tcc:692:5: note: template<class _CharT, class _Traits, class _Alloc> std::basic_string<_CharT, _Traits, _Alloc> std::operator+(const _CharT*, const std::basic_string<_CharT, _Traits, _Alloc>&)
     operator+(const _CharT* __lhs,
     ^
c:\program files\eclipse-4.4\cpp\mingw\lib\gcc\mingw32\4.8.1\include\c++\bits\basic_string.tcc:692:5: note:   template argument deduction/substitution failed:
..\main.cpp:59:25: note:   mismatched types 'const _CharT*' and 'Set<std::basic_string<char> >'
   Set<string> S3 = S1 + S2;
                         ^
In file included from c:\program files\eclipse-4.4\cpp\mingw\lib\gcc\mingw32\4.8.1\include\c++\string:53:0,
                 from c:\program files\eclipse-4.4\cpp\mingw\lib\gcc\mingw32\4.8.1\include\c++\bits\locale_classes.h:40,
                 from c:\program files\eclipse-4.4\cpp\mingw\lib\gcc\mingw32\4.8.1\include\c++\bits\ios_base.h:41,
                 from c:\program files\eclipse-4.4\cpp\mingw\lib\gcc\mingw32\4.8.1\include\c++\ios:42,
                 from c:\program files\eclipse-4.4\cpp\mingw\lib\gcc\mingw32\4.8.1\include\c++\ostream:38,
                 from c:\program files\eclipse-4.4\cpp\mingw\lib\gcc\mingw32\4.8.1\include\c++\iostream:39,
                 from ..\main.cpp:1:
c:\program files\eclipse-4.4\cpp\mingw\lib\gcc\mingw32\4.8.1\include\c++\bits\basic_string.tcc:708:5: note: template<class _CharT, class _Traits, class _Alloc> std::basic_string<_CharT, _Traits, _Alloc> std::operator+(_CharT, const std::basic_string<_CharT, _Traits, _Alloc>&)
     operator+(_CharT __lhs, const basic_string<_CharT, _Traits, _Alloc>& __rhs)
     ^
c:\program files\eclipse-4.4\cpp\mingw\lib\gcc\mingw32\4.8.1\include\c++\bits\basic_string.tcc:708:5: note:   template argument deduction/substitution failed:
..\main.cpp:59:25: note:   'Set<std::basic_string<char> >' is not derived from 'const std::basic_string<_CharT, _Traits, _Alloc>'
   Set<string> S3 = S1 + S2;
                         ^
In file included from c:\program files\eclipse-4.4\cpp\mingw\lib\gcc\mingw32\4.8.1\include\c++\string:52:0,
                 from c:\program files\eclipse-4.4\cpp\mingw\lib\gcc\mingw32\4.8.1\include\c++\bits\locale_classes.h:40,
                 from c:\program files\eclipse-4.4\cpp\mingw\lib\gcc\mingw32\4.8.1\include\c++\bits\ios_base.h:41,
                 from c:\program files\eclipse-4.4\cpp\mingw\lib\gcc\mingw32\4.8.1\include\c++\ios:42,
                 from c:\program files\eclipse-4.4\cpp\mingw\lib\gcc\mingw32\4.8.1\include\c++\ostream:38,
                 from c:\program files\eclipse-4.4\cpp\mingw\lib\gcc\mingw32\4.8.1\include\c++\iostream:39,
                 from ..\main.cpp:1:
c:\program files\eclipse-4.4\cpp\mingw\lib\gcc\mingw32\4.8.1\include\c++\bits\basic_string.h:2402:5: note: template<class _CharT, class _Traits, class _Alloc> std::basic_string<_CharT, _Traits, _Alloc> std::operator+(const std::basic_string<_CharT, _Traits, _Alloc>&, const _CharT*)
     operator+(const basic_string<_CharT, _Traits, _Alloc>& __lhs,
     ^
c:\program files\eclipse-4.4\cpp\mingw\lib\gcc\mingw32\4.8.1\include\c++\bits\basic_string.h:2402:5: note:   template argument deduction/substitution failed:
..\main.cpp:59:25: note:   'Set<std::basic_string<char> >' is not derived from 'const std::basic_string<_CharT, _Traits, _Alloc>'
   Set<string> S3 = S1 + S2;
                         ^
In file included from c:\program files\eclipse-4.4\cpp\mingw\lib\gcc\mingw32\4.8.1\include\c++\string:52:0,
                 from c:\program files\eclipse-4.4\cpp\mingw\lib\gcc\mingw32\4.8.1\include\c++\bits\locale_classes.h:40,
                 from c:\program files\eclipse-4.4\cpp\mingw\lib\gcc\mingw32\4.8.1\include\c++\bits\ios_base.h:41,
                 from c:\program files\eclipse-4.4\cpp\mingw\lib\gcc\mingw32\4.8.1\include\c++\ios:42,
                 from c:\program files\eclipse-4.4\cpp\mingw\lib\gcc\mingw32\4.8.1\include\c++\ostream:38,
                 from c:\program files\eclipse-4.4\cpp\mingw\lib\gcc\mingw32\4.8.1\include\c++\iostream:39,
                 from ..\main.cpp:1:
c:\program files\eclipse-4.4\cpp\mingw\lib\gcc\mingw32\4.8.1\include\c++\bits\basic_string.h:2418:5: note: template<class _CharT, class _Traits, class _Alloc> std::basic_string<_CharT, _Traits, _Alloc> std::operator+(const std::basic_string<_CharT, _Traits, _Alloc>&, _CharT)
     operator+(const basic_string<_CharT, _Traits, _Alloc>& __lhs, _CharT __rhs)
     ^
c:\program files\eclipse-4.4\cpp\mingw\lib\gcc\mingw32\4.8.1\include\c++\bits\basic_string.h:2418:5: note:   template argument deduction/substitution failed:
..\main.cpp:59:25: note:   'Set<std::basic_string<char> >' is not derived from 'const std::basic_string<_CharT, _Traits, _Alloc>'
   Set<string> S3 = S1 + S2;
                         ^
In file included from c:\program files\eclipse-4.4\cpp\mingw\lib\gcc\mingw32\4.8.1\include\c++\bits\stl_algobase.h:67:0,
                 from c:\program files\eclipse-4.4\cpp\mingw\lib\gcc\mingw32\4.8.1\include\c++\bits\char_traits.h:39,
                 from c:\program files\eclipse-4.4\cpp\mingw\lib\gcc\mingw32\4.8.1\include\c++\ios:40,
                 from c:\program files\eclipse-4.4\cpp\mingw\lib\gcc\mingw32\4.8.1\include\c++\ostream:38,
                 from c:\program files\eclipse-4.4\cpp\mingw\lib\gcc\mingw32\4.8.1\include\c++\iostream:39,
                 from ..\main.cpp:1:
c:\program files\eclipse-4.4\cpp\mingw\lib\gcc\mingw32\4.8.1\include\c++\bits\stl_iterator.h:902:5: note: template<class _Iterator, class _Container> __gnu_cxx::__normal_iterator<_Iterator, _Container> __gnu_cxx::operator+(typename __gnu_cxx::__normal_iterator<_Iterator, _Container>::difference_type, const __gnu_cxx::__normal_iterator<_Iterator, _Container>&)
     operator+(typename __normal_iterator<_Iterator, _Container>::difference_type
     ^
c:\program files\eclipse-4.4\cpp\mingw\lib\gcc\mingw32\4.8.1\include\c++\bits\stl_iterator.h:902:5: note:   template argument deduction/substitution failed:
..\main.cpp:59:25: note:   'Set<std::basic_string<char> >' is not derived from 'const __gnu_cxx::__normal_iterator<_Iterator, _Container>'
   Set<string> S3 = S1 + S2;
                         ^
..\main.cpp:65:23: error: no match for 'operator^' (operand types are 'Set<std::basic_string<char> >' and 'Set<std::basic_string<char> >')
   Set<string> S4 = S1 ^ S2;
                       ^
..\main.cpp:65:23: note: candidates are:
In file included from c:\program files\eclipse-4.4\cpp\mingw\lib\gcc\mingw32\4.8.1\include\c++\ios:42:0,
                 from c:\program files\eclipse-4.4\cpp\mingw\lib\gcc\mingw32\4.8.1\include\c++\ostream:38,
                 from c:\program files\eclipse-4.4\cpp\mingw\lib\gcc\mingw32\4.8.1\include\c++\iostream:39,
                 from ..\main.cpp:1:
c:\program files\eclipse-4.4\cpp\mingw\lib\gcc\mingw32\4.8.1\include\c++\bits\ios_base.h:83:3: note: std::_Ios_Fmtflags std::operator^(std::_Ios_Fmtflags, std::_Ios_Fmtflags)
   operator^(_Ios_Fmtflags __a, _Ios_Fmtflags __b)
   ^
c:\program files\eclipse-4.4\cpp\mingw\lib\gcc\mingw32\4.8.1\include\c++\bits\ios_base.h:83:3: note:   no known conversion for argument 1 from 'Set<std::basic_string<char> >' to 'std::_Ios_Fmtflags'
c:\program files\eclipse-4.4\cpp\mingw\lib\gcc\mingw32\4.8.1\include\c++\bits\ios_base.h:123:3: note: std::_Ios_Openmode std::operator^(std::_Ios_Openmode, std::_Ios_Openmode)
   operator^(_Ios_Openmode __a, _Ios_Openmode __b)
   ^
c:\program files\eclipse-4.4\cpp\mingw\lib\gcc\mingw32\4.8.1\include\c++\bits\ios_base.h:123:3: note:   no known conversion for argument 1 from 'Set<std::basic_string<char> >' to 'std::_Ios_Openmode'
c:\program files\eclipse-4.4\cpp\mingw\lib\gcc\mingw32\4.8.1\include\c++\bits\ios_base.h:161:3: note: std::_Ios_Iostate std::operator^(std::_Ios_Iostate, std::_Ios_Iostate)
   operator^(_Ios_Iostate __a, _Ios_Iostate __b)
   ^
c:\program files\eclipse-4.4\cpp\mingw\lib\gcc\mingw32\4.8.1\include\c++\bits\ios_base.h:161:3: note:   no known conversion for argument 1 from 'Set<std::basic_string<char> >' to 'std::_Ios_Iostate'
..\main.cpp:71:23: error: no match for 'operator-' (operand types are 'Set<std::basic_string<char> >' and 'Set<std::basic_string<char> >')
   Set<string> S5 = S1 - S2;
                       ^
..\main.cpp:71:23: note: candidates are:
In file included from c:\program files\eclipse-4.4\cpp\mingw\lib\gcc\mingw32\4.8.1\include\c++\bits\stl_algobase.h:67:0,
                 from c:\program files\eclipse-4.4\cpp\mingw\lib\gcc\mingw32\4.8.1\include\c++\bits\char_traits.h:39,
                 from c:\program files\eclipse-4.4\cpp\mingw\lib\gcc\mingw32\4.8.1\include\c++\ios:40,
                 from c:\program files\eclipse-4.4\cpp\mingw\lib\gcc\mingw32\4.8.1\include\c++\ostream:38,
                 from c:\program files\eclipse-4.4\cpp\mingw\lib\gcc\mingw32\4.8.1\include\c++\iostream:39,
                 from ..\main.cpp:1:
c:\program files\eclipse-4.4\cpp\mingw\lib\gcc\mingw32\4.8.1\include\c++\bits\stl_iterator.h:327:5: note: template<class _Iterator> typename std::reverse_iterator<_Iterator>::difference_type std::operator-(const std::reverse_iterator<_Iterator>&, const std::reverse_iterator<_Iterator>&)
     operator-(const reverse_iterator<_Iterator>& __x,
     ^
c:\program files\eclipse-4.4\cpp\mingw\lib\gcc\mingw32\4.8.1\include\c++\bits\stl_iterator.h:327:5: note:   template argument deduction/substitution failed:
..\main.cpp:71:25: note:   'Set<std::basic_string<char> >' is not derived from 'const std::reverse_iterator<_Iterator>'
   Set<string> S5 = S1 - S2;
                         ^
In file included from c:\program files\eclipse-4.4\cpp\mingw\lib\gcc\mingw32\4.8.1\include\c++\bits\stl_algobase.h:67:0,
                 from c:\program files\eclipse-4.4\cpp\mingw\lib\gcc\mingw32\4.8.1\include\c++\bits\char_traits.h:39,
                 from c:\program files\eclipse-4.4\cpp\mingw\lib\gcc\mingw32\4.8.1\include\c++\ios:40,
                 from c:\program files\eclipse-4.4\cpp\mingw\lib\gcc\mingw32\4.8.1\include\c++\ostream:38,
                 from c:\program files\eclipse-4.4\cpp\mingw\lib\gcc\mingw32\4.8.1\include\c++\iostream:39,
                 from ..\main.cpp:1:
c:\program files\eclipse-4.4\cpp\mingw\lib\gcc\mingw32\4.8.1\include\c++\bits\stl_iterator.h:384:5: note: template<class _IteratorL, class _IteratorR> typename std::reverse_iterator<_Iterator>::difference_type std::operator-(const std::reverse_iterator<_Iterator>&, const std::reverse_iterator<_IteratorR>&)
     operator-(const reverse_iterator<_IteratorL>& __x,
     ^
c:\program files\eclipse-4.4\cpp\mingw\lib\gcc\mingw32\4.8.1\include\c++\bits\stl_iterator.h:384:5: note:   template argument deduction/substitution failed:
..\main.cpp:71:25: note:   'Set<std::basic_string<char> >' is not derived from 'const std::reverse_iterator<_Iterator>'
   Set<string> S5 = S1 - S2;
                         ^
In file included from c:\program files\eclipse-4.4\cpp\mingw\lib\gcc\mingw32\4.8.1\include\c++\bits\stl_algobase.h:67:0,
                 from c:\program files\eclipse-4.4\cpp\mingw\lib\gcc\mingw32\4.8.1\include\c++\bits\char_traits.h:39,
                 from c:\program files\eclipse-4.4\cpp\mingw\lib\gcc\mingw32\4.8.1\include\c++\ios:40,
                 from c:\program files\eclipse-4.4\cpp\mingw\lib\gcc\mingw32\4.8.1\include\c++\ostream:38,
                 from c:\program files\eclipse-4.4\cpp\mingw\lib\gcc\mingw32\4.8.1\include\c++\iostream:39,
                 from ..\main.cpp:1:
c:\program files\eclipse-4.4\cpp\mingw\lib\gcc\mingw32\4.8.1\include\c++\bits\stl_iterator.h:896:5: note: template<class _Iterator, class _Container> typename __gnu_cxx::__normal_iterator<_Iterator, _Container>::difference_type __gnu_cxx::operator-(const __gnu_cxx::__normal_iterator<_Iterator, _Container>&, const __gnu_cxx::__normal_iterator<_Iterator, _Container>&)
     operator-(const __normal_iterator<_Iterator, _Container>& __lhs,
     ^
c:\program files\eclipse-4.4\cpp\mingw\lib\gcc\mingw32\4.8.1\include\c++\bits\stl_iterator.h:896:5: note:   template argument deduction/substitution failed:
..\main.cpp:71:25: note:   'Set<std::basic_string<char> >' is not derived from 'const __gnu_cxx::__normal_iterator<_Iterator, _Container>'
   Set<string> S5 = S1 - S2;
                         ^
In file included from c:\program files\eclipse-4.4\cpp\mingw\lib\gcc\mingw32\4.8.1\include\c++\bits\stl_algobase.h:67:0,
                 from c:\program files\eclipse-4.4\cpp\mingw\lib\gcc\mingw32\4.8.1\include\c++\bits\char_traits.h:39,
                 from c:\program files\eclipse-4.4\cpp\mingw\lib\gcc\mingw32\4.8.1\include\c++\ios:40,
                 from c:\program files\eclipse-4.4\cpp\mingw\lib\gcc\mingw32\4.8.1\include\c++\ostream:38,
                 from c:\program files\eclipse-4.4\cpp\mingw\lib\gcc\mingw32\4.8.1\include\c++\iostream:39,
                 from ..\main.cpp:1:
c:\program files\eclipse-4.4\cpp\mingw\lib\gcc\mingw32\4.8.1\include\c++\bits\stl_iterator.h:889:5: note: template<class _IteratorL, class _IteratorR, class _Container> typename __gnu_cxx::__normal_iterator<_IteratorL, _Container>::difference_type __gnu_cxx::operator-(const __gnu_cxx::__normal_iterator<_IteratorL, _Container>&, const __gnu_cxx::__normal_iterator<_IteratorR, _Container>&)
     operator-(const __normal_iterator<_IteratorL, _Container>& __lhs,
     ^
c:\program files\eclipse-4.4\cpp\mingw\lib\gcc\mingw32\4.8.1\include\c++\bits\stl_iterator.h:889:5: note:   template argument deduction/substitution failed:
..\main.cpp:71:25: note:   'Set<std::basic_string<char> >' is not derived from 'const __gnu_cxx::__normal_iterator<_IteratorL, _Container>'
   Set<string> S5 = S1 - S2;
                         ^

01:07:54 Build Finished (took 783ms)

